Determining if the pthread_create exist failed with the following output:
Change Dir: /home/d402/task4-3/build/CMakeFiles/CMakeTmp

Run Build Command:"/usr/bin/make" "cmTC_ad36f/fast"
/usr/bin/make -f CMakeFiles/cmTC_ad36f.dir/build.make CMakeFiles/cmTC_ad36f.dir/build
make[1]: Entering directory '/home/d402/task4-3/build/CMakeFiles/CMakeTmp'
Building C object CMakeFiles/cmTC_ad36f.dir/CheckSymbolExists.c.o
/usr/bin/cc    -o CMakeFiles/cmTC_ad36f.dir/CheckSymbolExists.c.o   -c /home/d402/task4-3/build/CMakeFiles/CMakeTmp/CheckSymbolExists.c
Linking C executable cmTC_ad36f
/usr/bin/cmake -E cmake_link_script CMakeFiles/cmTC_ad36f.dir/link.txt --verbose=1
/usr/bin/cc      -rdynamic CMakeFiles/cmTC_ad36f.dir/CheckSymbolExists.c.o  -o cmTC_ad36f 
CMakeFiles/cmTC_ad36f.dir/CheckSymbolExists.c.o: In function `main':
CheckSymbolExists.c:(.text+0x1b): undefined reference to `pthread_create'
collect2: error: ld returned 1 exit status
CMakeFiles/cmTC_ad36f.dir/build.make:97: recipe for target 'cmTC_ad36f' failed
make[1]: *** [cmTC_ad36f] Error 1
make[1]: Leaving directory '/home/d402/task4-3/build/CMakeFiles/CMakeTmp'
Makefile:126: recipe for target 'cmTC_ad36f/fast' failed
make: *** [cmTC_ad36f/fast] Error 2

File /home/d402/task4-3/build/CMakeFiles/CMakeTmp/CheckSymbolExists.c:
/* */
#include <pthread.h>

int main(int argc, char** argv)
{
  (void)argv;
#ifndef pthread_create
  return ((int*)(&pthread_create))[argc];
#else
  (void)argc;
  return 0;
#endif
}

Determining if the function pthread_create exists in the pthreads failed with the following output:
Change Dir: /home/d402/task4-3/build/CMakeFiles/CMakeTmp

Run Build Command:"/usr/bin/make" "cmTC_0f8d9/fast"
/usr/bin/make -f CMakeFiles/cmTC_0f8d9.dir/build.make CMakeFiles/cmTC_0f8d9.dir/build
make[1]: Entering directory '/home/d402/task4-3/build/CMakeFiles/CMakeTmp'
Building C object CMakeFiles/cmTC_0f8d9.dir/CheckFunctionExists.c.o
/usr/bin/cc   -DCHECK_FUNCTION_EXISTS=pthread_create   -o CMakeFiles/cmTC_0f8d9.dir/CheckFunctionExists.c.o   -c /usr/share/cmake-3.10/Modules/CheckFunctionExists.c
Linking C executable cmTC_0f8d9
/usr/bin/cmake -E cmake_link_script CMakeFiles/cmTC_0f8d9.dir/link.txt --verbose=1
/usr/bin/cc  -DCHECK_FUNCTION_EXISTS=pthread_create    -rdynamic CMakeFiles/cmTC_0f8d9.dir/CheckFunctionExists.c.o  -o cmTC_0f8d9 -lpthreads 
/usr/bin/ld: cannot find -lpthreads
collect2: error: ld returned 1 exit status
CMakeFiles/cmTC_0f8d9.dir/build.make:97: recipe for target 'cmTC_0f8d9' failed
make[1]: *** [cmTC_0f8d9] Error 1
make[1]: Leaving directory '/home/d402/task4-3/build/CMakeFiles/CMakeTmp'
Makefile:126: recipe for target 'cmTC_0f8d9/fast' failed
make: *** [cmTC_0f8d9/fast] Error 2


