Symlinking /home/d402/pandar20B/devel/share/hesai_lidar/cmake/hesai_lidarConfig-version.cmake
Symlinking /home/d402/pandar20B/devel/share/hesai_lidar/cmake/hesai_lidar-msg-extras.cmake
Symlinking /home/d402/pandar20B/devel/share/hesai_lidar/cmake/hesai_lidar-msg-paths.cmake
Symlinking /home/d402/pandar20B/devel/share/hesai_lidar/cmake/hesai_lidarConfig.cmake
Symlinking /home/d402/pandar20B/devel/share/roseus/ros/hesai_lidar/manifest.l
Symlinking /home/d402/pandar20B/devel/share/roseus/ros/hesai_lidar/msg/PandarPacket.l
Symlinking /home/d402/pandar20B/devel/share/roseus/ros/hesai_lidar/msg/PandarScan.l
Symlinking /home/d402/pandar20B/devel/share/gennodejs/ros/hesai_lidar/_index.js
Symlinking /home/d402/pandar20B/devel/share/gennodejs/ros/hesai_lidar/msg/PandarScan.js
Symlinking /home/d402/pandar20B/devel/share/gennodejs/ros/hesai_lidar/msg/PandarPacket.js
Symlinking /home/d402/pandar20B/devel/share/gennodejs/ros/hesai_lidar/msg/_index.js
Symlinking /home/d402/pandar20B/devel/share/common-lisp/ros/hesai_lidar/msg/_package.lisp
Symlinking /home/d402/pandar20B/devel/share/common-lisp/ros/hesai_lidar/msg/PandarPacket.lisp
Symlinking /home/d402/pandar20B/devel/share/common-lisp/ros/hesai_lidar/msg/_package_PandarScan.lisp
Symlinking /home/d402/pandar20B/devel/share/common-lisp/ros/hesai_lidar/msg/_package_PandarPacket.lisp
Symlinking /home/d402/pandar20B/devel/share/common-lisp/ros/hesai_lidar/msg/hesai_lidar-msg.asd
Symlinking /home/d402/pandar20B/devel/share/common-lisp/ros/hesai_lidar/msg/PandarScan.lisp
Symlinking /home/d402/pandar20B/devel/include/hesai_lidar/PandarScan.h
Symlinking /home/d402/pandar20B/devel/include/hesai_lidar/PandarPacket.h
Symlinking /home/d402/pandar20B/devel/lib/libPandarGeneral.so
Symlinking /home/d402/pandar20B/devel/lib/libPandarGeneralSDK.so
Symlinking /home/d402/pandar20B/devel/lib/hesai_lidar/hesai_lidar_node
Symlinking /home/d402/pandar20B/devel/lib/pkgconfig/hesai_lidar.pc
Symlinking /home/d402/pandar20B/devel/lib/python2.7/dist-packages/hesai_lidar/__init__.py
Symlinking /home/d402/pandar20B/devel/lib/python2.7/dist-packages/hesai_lidar/msg/_PandarPacket.py
Symlinking /home/d402/pandar20B/devel/lib/python2.7/dist-packages/hesai_lidar/msg/_PandarScan.py
Symlinking /home/d402/pandar20B/devel/lib/python2.7/dist-packages/hesai_lidar/msg/__init__.py
