[35m[1mScanning dependencies of target _hesai_lidar_generate_messages_check_deps_PandarPacket[0m
[35m[1mScanning dependencies of target _hesai_lidar_generate_messages_check_deps_PandarScan[0m
[35m[1mScanning dependencies of target std_msgs_generate_messages_eus[0m
[35m[1mScanning dependencies of target std_msgs_generate_messages_nodejs[0m
[35m[1mScanning dependencies of target std_msgs_generate_messages_lisp[0m
[35m[1mScanning dependencies of target std_msgs_generate_messages_py[0m
[35m[1mScanning dependencies of target std_msgs_generate_messages_cpp[0m
[35m[1mScanning dependencies of target PandarGeneral[0m
[  0%] Built target std_msgs_generate_messages_nodejs
[  0%] Built target std_msgs_generate_messages_eus
[  0%] Built target std_msgs_generate_messages_cpp
[  0%] Built target std_msgs_generate_messages_lisp
[  0%] Built target std_msgs_generate_messages_py
[  0%] Built target _hesai_lidar_generate_messages_check_deps_PandarPacket
[  0%] Built target _hesai_lidar_generate_messages_check_deps_PandarScan
[35m[1mScanning dependencies of target hesai_lidar_generate_messages_eus[0m
[35m[1mScanning dependencies of target hesai_lidar_generate_messages_lisp[0m
[35m[1mScanning dependencies of target hesai_lidar_generate_messages_nodejs[0m
[35m[1mScanning dependencies of target hesai_lidar_generate_messages_py[0m
[35m[1mScanning dependencies of target hesai_lidar_generate_messages_cpp[0m
[  4%] [34m[1mGenerating Lisp code from hesai_lidar/PandarScan.msg[0m
[  8%] [34m[1mGenerating EusLisp code from hesai_lidar/PandarPacket.msg[0m
[ 13%] [34m[1mGenerating Lisp code from hesai_lidar/PandarPacket.msg[0m
[ 17%] [34m[1mGenerating EusLisp code from hesai_lidar/PandarScan.msg[0m
[ 21%] [34m[1mGenerating Javascript code from hesai_lidar/PandarScan.msg[0m
[ 26%] [34m[1mGenerating C++ code from hesai_lidar/PandarScan.msg[0m
[ 30%] [34m[1mGenerating Python from MSG hesai_lidar/PandarScan[0m
[ 34%] [34m[1mGenerating Python from MSG hesai_lidar/PandarPacket[0m
[ 34%] Built target hesai_lidar_generate_messages_lisp
[ 39%] [34m[1mGenerating Javascript code from hesai_lidar/PandarPacket.msg[0m
[ 43%] [34m[1mGenerating EusLisp manifest code for hesai_lidar[0m
[ 47%] [32mBuilding CXX object CMakeFiles/PandarGeneral.dir/src/HesaiLidar_General_SDK/src/PandarGeneralRaw/src/input.cc.o[0m
[ 52%] [34m[1mGenerating C++ code from hesai_lidar/PandarPacket.msg[0m
[ 56%] [32mBuilding CXX object CMakeFiles/PandarGeneral.dir/src/HesaiLidar_General_SDK/src/PandarGeneralRaw/src/pandarGeneral_internal.cc.o[0m
[ 56%] Built target hesai_lidar_generate_messages_nodejs
[ 60%] [32mBuilding CXX object CMakeFiles/PandarGeneral.dir/src/HesaiLidar_General_SDK/src/PandarGeneralRaw/src/pcap_reader.cpp.o[0m
[ 65%] [32mBuilding CXX object CMakeFiles/PandarGeneral.dir/src/HesaiLidar_General_SDK/src/PandarGeneralRaw/src/pandarGeneral.cc.o[0m
[ 69%] [34m[1mGenerating Python msg __init__.py for hesai_lidar[0m
[ 69%] Built target hesai_lidar_generate_messages_cpp
[ 69%] Built target hesai_lidar_generate_messages_py
In file included from [01m[K/home/d402/pandar20B/src/HesaiLidar_General_ROS/src/HesaiLidar_General_SDK/src/PandarGeneralRaw/src/input.cc:31:0[m[K:
[01m[K/home/d402/pandar20B/src/HesaiLidar_General_ROS/src/HesaiLidar_General_SDK/src/PandarGeneralRaw/include/log.h:[m[K In constructor ‘[01m[KTranceFunc::TranceFunc(const char*, const char*)[m[K’:
[01m[K/home/d402/pandar20B/src/HesaiLidar_General_ROS/src/HesaiLidar_General_SDK/src/PandarGeneralRaw/include/log.h:33:227:[m[K [01;35m[Kwarning: [m[Kformat ‘[01m[K%d[m[K’ expects argument of type ‘[01m[Kint[m[K’, but argument 7 has type ‘[01m[Kstd::size_t {aka long unsigned int}[m[K’ [[01;35m[K-Wformat=[m[K]
         printf("[T] %02d:%02d:%02d.%03d pid:%d tid:%10d ->[File:%s Function:%s ]\n", ptm->tm_hour, ptm->tm_min, ptm->tm_sec, stTimeb.millitm, getpid(), [32m[Kstd::hash<std::thread::id>()(std::this_thread::get_id())[m[K, m_cFile, m_cFunc[01;35m[K)[m[K;
                                                                                                                                                         [32m[K~~~~~~~~~~~~~~~~~~~~~~~~~~~~~~~~~~~~~~~~~~~~~~~~~~~~~~~~[m[K                  [01;35m[K^[m[K
[01m[K/home/d402/pandar20B/src/HesaiLidar_General_ROS/src/HesaiLidar_General_SDK/src/PandarGeneralRaw/include/log.h:[m[K In destructor ‘[01m[KTranceFunc::~TranceFunc()[m[K’:
[01m[K/home/d402/pandar20B/src/HesaiLidar_General_ROS/src/HesaiLidar_General_SDK/src/PandarGeneralRaw/include/log.h:40:227:[m[K [01;35m[Kwarning: [m[Kformat ‘[01m[K%d[m[K’ expects argument of type ‘[01m[Kint[m[K’, but argument 7 has type ‘[01m[Kstd::size_t {aka long unsigned int}[m[K’ [[01;35m[K-Wformat=[m[K]
         printf("[T] %02d:%02d:%02d.%03d pid:%d tid:%10d <-[File:%s Function:%s ]\n", ptm->tm_hour, ptm->tm_min, ptm->tm_sec, stTimeb.millitm, getpid(), [32m[Kstd::hash<std::thread::id>()(std::this_thread::get_id())[m[K, m_cFile, m_cFunc[01;35m[K)[m[K;
                                                                                                                                                         [32m[K~~~~~~~~~~~~~~~~~~~~~~~~~~~~~~~~~~~~~~~~~~~~~~~~~~~~~~~~[m[K                  [01;35m[K^[m[K
[ 69%] Built target hesai_lidar_generate_messages_eus
[35m[1mScanning dependencies of target hesai_lidar_generate_messages[0m
[ 69%] Built target hesai_lidar_generate_messages
In file included from [01m[K/home/d402/pandar20B/src/HesaiLidar_General_ROS/src/HesaiLidar_General_SDK/src/PandarGeneralRaw/src/pcap_reader.cpp:6:0[m[K:
[01m[K/home/d402/pandar20B/src/HesaiLidar_General_ROS/src/HesaiLidar_General_SDK/src/PandarGeneralRaw/include/log.h:[m[K In constructor ‘[01m[KTranceFunc::TranceFunc(const char*, const char*)[m[K’:
[01m[K/home/d402/pandar20B/src/HesaiLidar_General_ROS/src/HesaiLidar_General_SDK/src/PandarGeneralRaw/include/log.h:33:227:[m[K [01;35m[Kwarning: [m[Kformat ‘[01m[K%d[m[K’ expects argument of type ‘[01m[Kint[m[K’, but argument 7 has type ‘[01m[Kstd::size_t {aka long unsigned int}[m[K’ [[01;35m[K-Wformat=[m[K]
         printf("[T] %02d:%02d:%02d.%03d pid:%d tid:%10d ->[File:%s Function:%s ]\n", ptm->tm_hour, ptm->tm_min, ptm->tm_sec, stTimeb.millitm, getpid(), [32m[Kstd::hash<std::thread::id>()(std::this_thread::get_id())[m[K, m_cFile, m_cFunc[01;35m[K)[m[K;
                                                                                                                                                         [32m[K~~~~~~~~~~~~~~~~~~~~~~~~~~~~~~~~~~~~~~~~~~~~~~~~~~~~~~~~[m[K                  [01;35m[K^[m[K
[01m[K/home/d402/pandar20B/src/HesaiLidar_General_ROS/src/HesaiLidar_General_SDK/src/PandarGeneralRaw/include/log.h:[m[K In destructor ‘[01m[KTranceFunc::~TranceFunc()[m[K’:
[01m[K/home/d402/pandar20B/src/HesaiLidar_General_ROS/src/HesaiLidar_General_SDK/src/PandarGeneralRaw/include/log.h:40:227:[m[K [01;35m[Kwarning: [m[Kformat ‘[01m[K%d[m[K’ expects argument of type ‘[01m[Kint[m[K’, but argument 7 has type ‘[01m[Kstd::size_t {aka long unsigned int}[m[K’ [[01;35m[K-Wformat=[m[K]
         printf("[T] %02d:%02d:%02d.%03d pid:%d tid:%10d <-[File:%s Function:%s ]\n", ptm->tm_hour, ptm->tm_min, ptm->tm_sec, stTimeb.millitm, getpid(), [32m[Kstd::hash<std::thread::id>()(std::this_thread::get_id())[m[K, m_cFile, m_cFunc[01;35m[K)[m[K;
                                                                                                                                                         [32m[K~~~~~~~~~~~~~~~~~~~~~~~~~~~~~~~~~~~~~~~~~~~~~~~~~~~~~~~~[m[K                  [01;35m[K^[m[K
In file included from [01m[K/home/d402/pandar20B/src/HesaiLidar_General_ROS/src/HesaiLidar_General_SDK/src/PandarGeneralRaw/src/pandarGeneral_internal.cc:21:0[m[K:
[01m[K/home/d402/pandar20B/src/HesaiLidar_General_ROS/src/HesaiLidar_General_SDK/src/PandarGeneralRaw/include/log.h:[m[K In constructor ‘[01m[KTranceFunc::TranceFunc(const char*, const char*)[m[K’:
[01m[K/home/d402/pandar20B/src/HesaiLidar_General_ROS/src/HesaiLidar_General_SDK/src/PandarGeneralRaw/include/log.h:33:227:[m[K [01;35m[Kwarning: [m[Kformat ‘[01m[K%d[m[K’ expects argument of type ‘[01m[Kint[m[K’, but argument 7 has type ‘[01m[Kstd::size_t {aka long unsigned int}[m[K’ [[01;35m[K-Wformat=[m[K]
         printf("[T] %02d:%02d:%02d.%03d pid:%d tid:%10d ->[File:%s Function:%s ]\n", ptm->tm_hour, ptm->tm_min, ptm->tm_sec, stTimeb.millitm, getpid(), [32m[Kstd::hash<std::thread::id>()(std::this_thread::get_id())[m[K, m_cFile, m_cFunc[01;35m[K)[m[K;
                                                                                                                                                         [32m[K~~~~~~~~~~~~~~~~~~~~~~~~~~~~~~~~~~~~~~~~~~~~~~~~~~~~~~~~[m[K                  [01;35m[K^[m[K
[01m[K/home/d402/pandar20B/src/HesaiLidar_General_ROS/src/HesaiLidar_General_SDK/src/PandarGeneralRaw/include/log.h:[m[K In destructor ‘[01m[KTranceFunc::~TranceFunc()[m[K’:
[01m[K/home/d402/pandar20B/src/HesaiLidar_General_ROS/src/HesaiLidar_General_SDK/src/PandarGeneralRaw/include/log.h:40:227:[m[K [01;35m[Kwarning: [m[Kformat ‘[01m[K%d[m[K’ expects argument of type ‘[01m[Kint[m[K’, but argument 7 has type ‘[01m[Kstd::size_t {aka long unsigned int}[m[K’ [[01;35m[K-Wformat=[m[K]
         printf("[T] %02d:%02d:%02d.%03d pid:%d tid:%10d <-[File:%s Function:%s ]\n", ptm->tm_hour, ptm->tm_min, ptm->tm_sec, stTimeb.millitm, getpid(), [32m[Kstd::hash<std::thread::id>()(std::this_thread::get_id())[m[K, m_cFile, m_cFunc[01;35m[K)[m[K;
                                                                                                                                                         [32m[K~~~~~~~~~~~~~~~~~~~~~~~~~~~~~~~~~~~~~~~~~~~~~~~~~~~~~~~~[m[K                  [01;35m[K^[m[K
In file included from [01m[K/home/d402/pandar20B/src/HesaiLidar_General_ROS/src/HesaiLidar_General_SDK/src/PandarGeneralRaw/src/pandarGeneral.cc:19:0[m[K:
[01m[K/home/d402/pandar20B/src/HesaiLidar_General_ROS/src/HesaiLidar_General_SDK/src/PandarGeneralRaw/include/log.h:[m[K In constructor ‘[01m[KTranceFunc::TranceFunc(const char*, const char*)[m[K’:
[01m[K/home/d402/pandar20B/src/HesaiLidar_General_ROS/src/HesaiLidar_General_SDK/src/PandarGeneralRaw/include/log.h:33:227:[m[K [01;35m[Kwarning: [m[Kformat ‘[01m[K%d[m[K’ expects argument of type ‘[01m[Kint[m[K’, but argument 7 has type ‘[01m[Kstd::size_t {aka long unsigned int}[m[K’ [[01;35m[K-Wformat=[m[K]
         printf("[T] %02d:%02d:%02d.%03d pid:%d tid:%10d ->[File:%s Function:%s ]\n", ptm->tm_hour, ptm->tm_min, ptm->tm_sec, stTimeb.millitm, getpid(), [32m[Kstd::hash<std::thread::id>()(std::this_thread::get_id())[m[K, m_cFile, m_cFunc[01;35m[K)[m[K;
                                                                                                                                                         [32m[K~~~~~~~~~~~~~~~~~~~~~~~~~~~~~~~~~~~~~~~~~~~~~~~~~~~~~~~~[m[K                  [01;35m[K^[m[K
[01m[K/home/d402/pandar20B/src/HesaiLidar_General_ROS/src/HesaiLidar_General_SDK/src/PandarGeneralRaw/include/log.h:[m[K In destructor ‘[01m[KTranceFunc::~TranceFunc()[m[K’:
[01m[K/home/d402/pandar20B/src/HesaiLidar_General_ROS/src/HesaiLidar_General_SDK/src/PandarGeneralRaw/include/log.h:40:227:[m[K [01;35m[Kwarning: [m[Kformat ‘[01m[K%d[m[K’ expects argument of type ‘[01m[Kint[m[K’, but argument 7 has type ‘[01m[Kstd::size_t {aka long unsigned int}[m[K’ [[01;35m[K-Wformat=[m[K]
         printf("[T] %02d:%02d:%02d.%03d pid:%d tid:%10d <-[File:%s Function:%s ]\n", ptm->tm_hour, ptm->tm_min, ptm->tm_sec, stTimeb.millitm, getpid(), [32m[Kstd::hash<std::thread::id>()(std::this_thread::get_id())[m[K, m_cFile, m_cFunc[01;35m[K)[m[K;
                                                                                                                                                         [32m[K~~~~~~~~~~~~~~~~~~~~~~~~~~~~~~~~~~~~~~~~~~~~~~~~~~~~~~~~[m[K                  [01;35m[K^[m[K
[ 73%] [32m[1mLinking CXX shared library /home/d402/pandar20B/devel/.private/hesai_lidar/lib/libPandarGeneral.so[0m
[ 73%] Built target PandarGeneral
[35m[1mScanning dependencies of target PandarGeneralSDK[0m
[ 86%] [32mBuilding CXX object CMakeFiles/PandarGeneralSDK.dir/src/HesaiLidar_General_SDK/src/pandarGeneral_sdk.cc.o[0m
[ 86%] [32mBuilding C object CMakeFiles/PandarGeneralSDK.dir/src/HesaiLidar_General_SDK/src/tcp_command_client.c.o[0m
[ 86%] [32mBuilding C object CMakeFiles/PandarGeneralSDK.dir/src/HesaiLidar_General_SDK/src/util.c.o[0m
[01m[Kcc1:[m[K [01;35m[Kwarning: [m[Kcommand line option ‘[01m[K-std=c++11[m[K’ is valid for C++/ObjC++ but not for C
[01m[Kcc1:[m[K [01;35m[Kwarning: [m[Kcommand line option ‘[01m[K-std=c++11[m[K’ is valid for C++/ObjC++ but not for C
[01m[K/home/d402/pandar20B/src/HesaiLidar_General_ROS/src/HesaiLidar_General_SDK/src/tcp_command_client.c:[m[K In function ‘[01m[KTcpCommandGetCalibration[m[K’:
[01m[K/home/d402/pandar20B/src/HesaiLidar_General_ROS/src/HesaiLidar_General_SDK/src/tcp_command_client.c:260:23:[m[K [01;35m[Kwarning: [m[Kformat ‘[01m[K%s[m[K’ expects argument of type ‘[01m[Kchar *[m[K’, but argument 2 has type ‘[01m[Kchar **[m[K’ [[01;35m[K-Wformat=[m[K]
   printf("buffer is: [01;35m[K%s[m[K,len is: %d\n",buffer,len);
                      [01;35m[K~^[m[K
[01m[K/home/d402/pandar20B/src/HesaiLidar_General_ROS/src/HesaiLidar_General_SDK/src/tcp_command_client.c:260:34:[m[K [01;35m[Kwarning: [m[Kformat ‘[01m[K%d[m[K’ expects argument of type ‘[01m[Kint[m[K’, but argument 3 has type ‘[01m[Kunsigned int *[m[K’ [[01;35m[K-Wformat=[m[K]
   printf("buffer is: %s,len is: [01;35m[K%d[m[K\n",buffer,len);
                                 [01;35m[K~^[m[K
                                 [32m[K%ls[m[K
[01m[K/home/d402/pandar20B/src/HesaiLidar_General_ROS/src/HesaiLidar_General_SDK/src/tcp_command_client.c:[m[K In function ‘[01m[KTcpCommandGetLidarCalibration[m[K’:
[01m[K/home/d402/pandar20B/src/HesaiLidar_General_ROS/src/HesaiLidar_General_SDK/src/tcp_command_client.c:291:23:[m[K [01;35m[Kwarning: [m[Kformat ‘[01m[K%s[m[K’ expects argument of type ‘[01m[Kchar *[m[K’, but argument 2 has type ‘[01m[Kchar **[m[K’ [[01;35m[K-Wformat=[m[K]
   printf("buffer is: [01;35m[K%s[m[K,len is: %d\n",buffer,len);
                      [01;35m[K~^[m[K
[01m[K/home/d402/pandar20B/src/HesaiLidar_General_ROS/src/HesaiLidar_General_SDK/src/tcp_command_client.c:291:34:[m[K [01;35m[Kwarning: [m[Kformat ‘[01m[K%d[m[K’ expects argument of type ‘[01m[Kint[m[K’, but argument 3 has type ‘[01m[Kunsigned int *[m[K’ [[01;35m[K-Wformat=[m[K]
   printf("buffer is: %s,len is: [01;35m[K%d[m[K\n",buffer,len);
                                 [01;35m[K~^[m[K
                                 [32m[K%ls[m[K
In file included from [01m[K/home/d402/pandar20B/src/HesaiLidar_General_ROS/src/HesaiLidar_General_SDK/src/pandarGeneral_sdk.cc:20:0[m[K:
[01m[K/home/d402/pandar20B/src/HesaiLidar_General_ROS/src/HesaiLidar_General_SDK/src/PandarGeneralRaw/include/log.h:[m[K In constructor ‘[01m[KTranceFunc::TranceFunc(const char*, const char*)[m[K’:
[01m[K/home/d402/pandar20B/src/HesaiLidar_General_ROS/src/HesaiLidar_General_SDK/src/PandarGeneralRaw/include/log.h:33:227:[m[K [01;35m[Kwarning: [m[Kformat ‘[01m[K%d[m[K’ expects argument of type ‘[01m[Kint[m[K’, but argument 7 has type ‘[01m[Kstd::size_t {aka long unsigned int}[m[K’ [[01;35m[K-Wformat=[m[K]
         printf("[T] %02d:%02d:%02d.%03d pid:%d tid:%10d ->[File:%s Function:%s ]\n", ptm->tm_hour, ptm->tm_min, ptm->tm_sec, stTimeb.millitm, getpid(), [32m[Kstd::hash<std::thread::id>()(std::this_thread::get_id())[m[K, m_cFile, m_cFunc[01;35m[K)[m[K;
                                                                                                                                                         [32m[K~~~~~~~~~~~~~~~~~~~~~~~~~~~~~~~~~~~~~~~~~~~~~~~~~~~~~~~~[m[K                  [01;35m[K^[m[K
[01m[K/home/d402/pandar20B/src/HesaiLidar_General_ROS/src/HesaiLidar_General_SDK/src/PandarGeneralRaw/include/log.h:[m[K In destructor ‘[01m[KTranceFunc::~TranceFunc()[m[K’:
[01m[K/home/d402/pandar20B/src/HesaiLidar_General_ROS/src/HesaiLidar_General_SDK/src/PandarGeneralRaw/include/log.h:40:227:[m[K [01;35m[Kwarning: [m[Kformat ‘[01m[K%d[m[K’ expects argument of type ‘[01m[Kint[m[K’, but argument 7 has type ‘[01m[Kstd::size_t {aka long unsigned int}[m[K’ [[01;35m[K-Wformat=[m[K]
         printf("[T] %02d:%02d:%02d.%03d pid:%d tid:%10d <-[File:%s Function:%s ]\n", ptm->tm_hour, ptm->tm_min, ptm->tm_sec, stTimeb.millitm, getpid(), [32m[Kstd::hash<std::thread::id>()(std::this_thread::get_id())[m[K, m_cFile, m_cFunc[01;35m[K)[m[K;
                                                                                                                                                         [32m[K~~~~~~~~~~~~~~~~~~~~~~~~~~~~~~~~~~~~~~~~~~~~~~~~~~~~~~~~[m[K                  [01;35m[K^[m[K
[ 91%] [32m[1mLinking CXX shared library /home/d402/pandar20B/devel/.private/hesai_lidar/lib/libPandarGeneralSDK.so[0m
[ 91%] Built target PandarGeneralSDK
[35m[1mScanning dependencies of target hesai_lidar_node[0m
[ 95%] [32mBuilding CXX object CMakeFiles/hesai_lidar_node.dir/src/main.cc.o[0m
[01m[K/home/d402/pandar20B/src/HesaiLidar_General_ROS/src/main.cc:[m[K In member function ‘[01m[Kvoid HesaiLidarClient::lidarCallback(boost::shared_ptr<pcl::PointCloud<PointXYZIT> >, double, hesai_lidar::PandarScanPtr)[m[K’:
[01m[K/home/d402/pandar20B/src/HesaiLidar_General_ROS/src/main.cc:101:53:[m[K [01;35m[Kwarning: [m[Kformat ‘[01m[K%d[m[K’ expects argument of type ‘[01m[Kint[m[K’, but argument 2 has type ‘[01m[Kstd::vector<hesai_lidar::PandarPacket_<std::allocator<void> >, std::allocator<hesai_lidar::PandarPacket_<std::allocator<void> > > >::size_type {aka long unsigned int}[m[K’ [[01;35m[K-Wformat=[m[K]
       printf("raw size: %d.\n", [32m[Kscan->packets.size()[m[K[01;35m[K)[m[K;
                                 [32m[K~~~~~~~~~~~~~~~~~~~~[m[K[01;35m[K^[m[K
[100%] [32m[1mLinking CXX executable /home/d402/pandar20B/devel/.private/hesai_lidar/lib/hesai_lidar/hesai_lidar_node[0m
[100%] Built target hesai_lidar_node
