Determining if the pthread_create exist failed with the following output:
Change Dir: /home/d402/pcl_new_ws/build/CMakeFiles/CMakeTmp

Run Build Command:"/usr/bin/make" "cmTC_52dfb/fast"
/usr/bin/make -f CMakeFiles/cmTC_52dfb.dir/build.make CMakeFiles/cmTC_52dfb.dir/build
make[1]: Entering directory '/home/d402/pcl_new_ws/build/CMakeFiles/CMakeTmp'
Building C object CMakeFiles/cmTC_52dfb.dir/CheckSymbolExists.c.o
/usr/bin/cc    -o CMakeFiles/cmTC_52dfb.dir/CheckSymbolExists.c.o   -c /home/d402/pcl_new_ws/build/CMakeFiles/CMakeTmp/CheckSymbolExists.c
Linking C executable cmTC_52dfb
/usr/bin/cmake -E cmake_link_script CMakeFiles/cmTC_52dfb.dir/link.txt --verbose=1
/usr/bin/cc      -rdynamic CMakeFiles/cmTC_52dfb.dir/CheckSymbolExists.c.o  -o cmTC_52dfb 
CMakeFiles/cmTC_52dfb.dir/CheckSymbolExists.c.o: In function `main':
CheckSymbolExists.c:(.text+0x1b): undefined reference to `pthread_create'
collect2: error: ld returned 1 exit status
CMakeFiles/cmTC_52dfb.dir/build.make:97: recipe for target 'cmTC_52dfb' failed
make[1]: *** [cmTC_52dfb] Error 1
make[1]: Leaving directory '/home/d402/pcl_new_ws/build/CMakeFiles/CMakeTmp'
Makefile:126: recipe for target 'cmTC_52dfb/fast' failed
make: *** [cmTC_52dfb/fast] Error 2

File /home/d402/pcl_new_ws/build/CMakeFiles/CMakeTmp/CheckSymbolExists.c:
/* */
#include <pthread.h>

int main(int argc, char** argv)
{
  (void)argv;
#ifndef pthread_create
  return ((int*)(&pthread_create))[argc];
#else
  (void)argc;
  return 0;
#endif
}

Determining if the function pthread_create exists in the pthreads failed with the following output:
Change Dir: /home/d402/pcl_new_ws/build/CMakeFiles/CMakeTmp

Run Build Command:"/usr/bin/make" "cmTC_5a56a/fast"
/usr/bin/make -f CMakeFiles/cmTC_5a56a.dir/build.make CMakeFiles/cmTC_5a56a.dir/build
make[1]: Entering directory '/home/d402/pcl_new_ws/build/CMakeFiles/CMakeTmp'
Building C object CMakeFiles/cmTC_5a56a.dir/CheckFunctionExists.c.o
/usr/bin/cc   -DCHECK_FUNCTION_EXISTS=pthread_create   -o CMakeFiles/cmTC_5a56a.dir/CheckFunctionExists.c.o   -c /usr/share/cmake-3.10/Modules/CheckFunctionExists.c
Linking C executable cmTC_5a56a
/usr/bin/cmake -E cmake_link_script CMakeFiles/cmTC_5a56a.dir/link.txt --verbose=1
/usr/bin/cc  -DCHECK_FUNCTION_EXISTS=pthread_create    -rdynamic CMakeFiles/cmTC_5a56a.dir/CheckFunctionExists.c.o  -o cmTC_5a56a -lpthreads 
/usr/bin/ld: cannot find -lpthreads
collect2: error: ld returned 1 exit status
CMakeFiles/cmTC_5a56a.dir/build.make:97: recipe for target 'cmTC_5a56a' failed
make[1]: *** [cmTC_5a56a] Error 1
make[1]: Leaving directory '/home/d402/pcl_new_ws/build/CMakeFiles/CMakeTmp'
Makefile:126: recipe for target 'cmTC_5a56a/fast' failed
make: *** [cmTC_5a56a/fast] Error 2


