Determining if the pthread_create exist failed with the following output:
Change Dir: /home/d402/pcl_new_ws_new/build/CMakeFiles/CMakeTmp

Run Build Command:"/usr/bin/make" "cmTC_92e0f/fast"
/usr/bin/make -f CMakeFiles/cmTC_92e0f.dir/build.make CMakeFiles/cmTC_92e0f.dir/build
make[1]: Entering directory '/home/d402/pcl_new_ws_new/build/CMakeFiles/CMakeTmp'
Building C object CMakeFiles/cmTC_92e0f.dir/CheckSymbolExists.c.o
/usr/bin/cc    -o CMakeFiles/cmTC_92e0f.dir/CheckSymbolExists.c.o   -c /home/d402/pcl_new_ws_new/build/CMakeFiles/CMakeTmp/CheckSymbolExists.c
Linking C executable cmTC_92e0f
/usr/bin/cmake -E cmake_link_script CMakeFiles/cmTC_92e0f.dir/link.txt --verbose=1
/usr/bin/cc      -rdynamic CMakeFiles/cmTC_92e0f.dir/CheckSymbolExists.c.o  -o cmTC_92e0f 
CMakeFiles/cmTC_92e0f.dir/CheckSymbolExists.c.o: In function `main':
CheckSymbolExists.c:(.text+0x1b): undefined reference to `pthread_create'
collect2: error: ld returned 1 exit status
CMakeFiles/cmTC_92e0f.dir/build.make:97: recipe for target 'cmTC_92e0f' failed
make[1]: *** [cmTC_92e0f] Error 1
make[1]: Leaving directory '/home/d402/pcl_new_ws_new/build/CMakeFiles/CMakeTmp'
Makefile:126: recipe for target 'cmTC_92e0f/fast' failed
make: *** [cmTC_92e0f/fast] Error 2

File /home/d402/pcl_new_ws_new/build/CMakeFiles/CMakeTmp/CheckSymbolExists.c:
/* */
#include <pthread.h>

int main(int argc, char** argv)
{
  (void)argv;
#ifndef pthread_create
  return ((int*)(&pthread_create))[argc];
#else
  (void)argc;
  return 0;
#endif
}

Determining if the function pthread_create exists in the pthreads failed with the following output:
Change Dir: /home/d402/pcl_new_ws_new/build/CMakeFiles/CMakeTmp

Run Build Command:"/usr/bin/make" "cmTC_e3d0e/fast"
/usr/bin/make -f CMakeFiles/cmTC_e3d0e.dir/build.make CMakeFiles/cmTC_e3d0e.dir/build
make[1]: Entering directory '/home/d402/pcl_new_ws_new/build/CMakeFiles/CMakeTmp'
Building C object CMakeFiles/cmTC_e3d0e.dir/CheckFunctionExists.c.o
/usr/bin/cc   -DCHECK_FUNCTION_EXISTS=pthread_create   -o CMakeFiles/cmTC_e3d0e.dir/CheckFunctionExists.c.o   -c /usr/share/cmake-3.10/Modules/CheckFunctionExists.c
Linking C executable cmTC_e3d0e
/usr/bin/cmake -E cmake_link_script CMakeFiles/cmTC_e3d0e.dir/link.txt --verbose=1
/usr/bin/cc  -DCHECK_FUNCTION_EXISTS=pthread_create    -rdynamic CMakeFiles/cmTC_e3d0e.dir/CheckFunctionExists.c.o  -o cmTC_e3d0e -lpthreads 
/usr/bin/ld: cannot find -lpthreads
collect2: error: ld returned 1 exit status
CMakeFiles/cmTC_e3d0e.dir/build.make:97: recipe for target 'cmTC_e3d0e' failed
make[1]: *** [cmTC_e3d0e] Error 1
make[1]: Leaving directory '/home/d402/pcl_new_ws_new/build/CMakeFiles/CMakeTmp'
Makefile:126: recipe for target 'cmTC_e3d0e/fast' failed
make: *** [cmTC_e3d0e/fast] Error 2


